2024-12-14 21:21:27,759 - INFO - Processing: http://www.oracle.com/technetwork/security-advisory/cpuapr2017-3236618.html
2024-12-14 21:21:28,644 - INFO - Content saved to archived_content/www.oracle.com_4c424146_20241214_212128.html
2024-12-14 21:21:28,645 - INFO - Content saved to archived_content/www.oracle.com_61f656db_20241214_212128.html
2024-12-14 21:21:29,646 - INFO - Processing: http://www.securityfocus.com/bid/97882
2024-12-14 21:21:29,752 - WARNING - Error accessing http://www.securityfocus.com/bid/97882: HTTPConnectionPool(host='www.securityfocus.com', port=80): Max retries exceeded with url: /bid/97882 (Caused by NameResolutionError("<urllib3.connection.HTTPConnection object at 0x76435f559790>: Failed to resolve 'www.securityfocus.com' ([Errno -2] Name or service not known)"))
2024-12-14 21:21:30,034 - INFO - Content found in Google Cache: https://webcache.googleusercontent.com/search?q=cache:http://www.securityfocus.com/bid/97882
2024-12-14 21:21:30,048 - INFO - Content saved to archived_content/www.securityfocus.com_e409dfdc_20241214_212130.html
2024-12-14 21:21:30,049 - INFO - Content saved to archived_content/www.securityfocus.com_73d7f865_20241214_212130.html
2024-12-14 21:21:31,049 - INFO - Processing: http://www.securitytracker.com/id/1038301
2024-12-14 21:21:32,475 - INFO - Content saved to archived_content/www.securitytracker.com_0de0980d_20241214_212132.html
2024-12-14 21:21:32,476 - INFO - Content saved to archived_content/www.securitytracker.com_ac66fd4d_20241214_212132.html
2024-12-14 21:28:11,715 - INFO - Processing: https://chromereleases.googleblog.com/2024/05/stable-channel-update-for-desktop_21.html
2024-12-14 21:28:12,627 - INFO - Content saved to archived_content/chromereleases.googleblog.com_cad9cf10_20241214_212812.html
2024-12-14 21:28:12,628 - INFO - Content saved to archived_content/chromereleases.googleblog.com_ccc46054_20241214_212812.html
2024-12-14 21:28:13,629 - INFO - Processing: https://chromereleases.googleblog.com/2024/05/stable-channel-update-for-desktop_21.html
2024-12-14 21:28:13,853 - INFO - Content saved to archived_content/chromereleases.googleblog.com_cad9cf10_20241214_212813.html
2024-12-14 21:28:13,854 - INFO - Content saved to archived_content/chromereleases.googleblog.com_ccc46054_20241214_212813.html
2024-12-14 21:28:14,855 - INFO - Processing: https://issues.chromium.org/issues/338908243
2024-12-14 21:28:15,650 - INFO - Content saved to archived_content/issues.chromium.org_7d40a4ad_20241214_212815.html
2024-12-14 21:28:15,652 - INFO - Content saved to archived_content/issues.chromium.org_652b9da2_20241214_212815.html
2024-12-14 21:28:16,652 - INFO - Processing: https://issues.chromium.org/issues/338908243
2024-12-14 21:28:17,407 - INFO - Content saved to archived_content/issues.chromium.org_7d40a4ad_20241214_212817.html
2024-12-14 21:28:17,408 - INFO - Content saved to archived_content/issues.chromium.org_652b9da2_20241214_212817.html
2024-12-14 21:28:18,408 - INFO - Processing: https://lists.fedoraproject.org/archives/list/package-announce@lists.fedoraproject.org/message/5KEVD4433KTOCYY6V4I7MMYKQ6URUS4L/
2024-12-14 21:28:19,070 - INFO - Content saved to archived_content/lists.fedoraproject.org_61bd2a87_20241214_212819.html
2024-12-14 21:28:19,071 - INFO - Content saved to archived_content/lists.fedoraproject.org_55870a42_20241214_212819.html
2024-12-14 21:28:20,072 - INFO - Processing: https://lists.fedoraproject.org/archives/list/package-announce@lists.fedoraproject.org/message/5KEVD4433KTOCYY6V4I7MMYKQ6URUS4L/
2024-12-14 21:28:20,475 - INFO - Content saved to archived_content/lists.fedoraproject.org_61bd2a87_20241214_212820.html
2024-12-14 21:28:20,477 - INFO - Content saved to archived_content/lists.fedoraproject.org_55870a42_20241214_212820.html
2024-12-14 21:28:21,478 - INFO - Processing: https://lists.fedoraproject.org/archives/list/package-announce@lists.fedoraproject.org/message/FX6IYZ6XF7B2WE66NFPNI2NHWJFI6VDF/
2024-12-14 21:28:21,881 - INFO - Content saved to archived_content/lists.fedoraproject.org_e6e25f5f_20241214_212821.html
2024-12-14 21:28:21,882 - INFO - Content saved to archived_content/lists.fedoraproject.org_773d5a8a_20241214_212821.html
2024-12-14 21:28:22,883 - INFO - Processing: https://lists.fedoraproject.org/archives/list/package-announce@lists.fedoraproject.org/message/FX6IYZ6XF7B2WE66NFPNI2NHWJFI6VDF/
2024-12-14 21:28:23,285 - INFO - Content saved to archived_content/lists.fedoraproject.org_e6e25f5f_20241214_212823.html
2024-12-14 21:28:23,286 - INFO - Content saved to archived_content/lists.fedoraproject.org_773d5a8a_20241214_212823.html
2025-01-05 13:02:39,375 - INFO - Processing URLs for CVE-2022-32296
2025-01-05 13:02:39,375 - INFO - Starting to process URLs for CVE-2022-32296
2025-01-05 13:02:39,375 - INFO - Found 12 URLs to process for CVE-2022-32296
2025-01-05 13:02:39,375 - INFO - Started processing URL: https://arxiv.org/abs/2209.12993 for CVE-2022-32296
2025-01-05 13:02:39,463 - INFO - Raw content saved to /home/chris/work/CyberSecAI/cve_single_source_of_truth/data_out/CVE-2022-32296/raw/arxiv.org_ba2f23c3_20250105_130239.html
2025-01-05 13:02:39,463 - INFO - Converting content from https://arxiv.org/abs/2209.12993
2025-01-05 13:02:39,534 - INFO - Converted content saved to /home/chris/work/CyberSecAI/cve_single_source_of_truth/data_out/CVE-2022-32296/text/arxiv.org_ba2f23c3_20250105_130239.html
2025-01-05 13:02:39,535 - INFO - Successfully processed https://arxiv.org/abs/2209.12993
2025-01-05 13:02:39,535 - INFO - Started processing URL: https://arxiv.org/abs/2209.12993 for CVE-2022-32296
2025-01-05 13:02:39,546 - INFO - Raw content saved to /home/chris/work/CyberSecAI/cve_single_source_of_truth/data_out/CVE-2022-32296/raw/arxiv.org_ba2f23c3_20250105_130239.html
2025-01-05 13:02:39,547 - INFO - Converting content from https://arxiv.org/abs/2209.12993
2025-01-05 13:02:39,617 - INFO - Converted content saved to /home/chris/work/CyberSecAI/cve_single_source_of_truth/data_out/CVE-2022-32296/text/arxiv.org_ba2f23c3_20250105_130239.html
2025-01-05 13:02:39,617 - INFO - Successfully processed https://arxiv.org/abs/2209.12993
2025-01-05 13:02:39,617 - INFO - Started processing URL: https://cdn.kernel.org/pub/linux/kernel/v5.x/ChangeLog-5.17.9 for CVE-2022-32296
2025-01-05 13:02:39,688 - INFO - Raw content saved to /home/chris/work/CyberSecAI/cve_single_source_of_truth/data_out/CVE-2022-32296/raw/cdn.kernel.org_b6ef0b83_20250105_130239.html
2025-01-05 13:02:39,688 - INFO - Converting content from https://cdn.kernel.org/pub/linux/kernel/v5.x/ChangeLog-5.17.9
2025-01-05 13:02:41,177 - INFO - Converted content saved to /home/chris/work/CyberSecAI/cve_single_source_of_truth/data_out/CVE-2022-32296/text/cdn.kernel.org_b6ef0b83_20250105_130241.html
2025-01-05 13:02:41,177 - INFO - Successfully processed https://cdn.kernel.org/pub/linux/kernel/v5.x/ChangeLog-5.17.9
2025-01-05 13:02:41,177 - INFO - Started processing URL: https://cdn.kernel.org/pub/linux/kernel/v5.x/ChangeLog-5.17.9 for CVE-2022-32296
2025-01-05 13:02:41,192 - INFO - Raw content saved to /home/chris/work/CyberSecAI/cve_single_source_of_truth/data_out/CVE-2022-32296/raw/cdn.kernel.org_b6ef0b83_20250105_130241.html
2025-01-05 13:02:41,192 - INFO - Converting content from https://cdn.kernel.org/pub/linux/kernel/v5.x/ChangeLog-5.17.9
